1734348042.468595 client started (36118): version 3.4, socket /private/tmp/tmux-501/default, protocol 8
1734348042.468641 on Darwin 24.1.0 Darwin Kernel Version 24.1.0: Thu Oct 10 21:03:11 PDT 2024; root:xnu-11215.41.3~2/RELEASE_ARM64_T6020
1734348042.468649 using libevent 2.1.12-stable select
1734348042.469039 using utf8proc 2.9.0
1734348042.469048 using ncurses 6.5 20240427
1734348042.469064 flags are 0x10010000
1734348042.469067 socket is /private/tmp/tmux-501/default
1734348042.469077 trying connect
1734348042.469111 add peer 0x128008000: 7 (0x0)
1734348042.470344 sending message 100 to peer 0x128008000 (4 bytes)
1734348042.470356 sending message 111 to peer 0x128008000 (8 bytes)
1734348042.470360 sending message 101 to peer 0x128008000 (14 bytes)
1734348042.470364 sending message 109 to peer 0x128008000 (4 bytes)
1734348042.470367 sending message 102 to peer 0x128008000 (13 bytes)
1734348042.470370 sending message 108 to peer 0x128008000 (37 bytes)
1734348042.470374 sending message 112 to peer 0x128008000 (70 bytes)
1734348042.470377 sending message 112 to peer 0x128008000 (5 bytes)
1734348042.470380 sending message 112 to peer 0x128008000 (5 bytes)
1734348042.470383 sending message 112 to peer 0x128008000 (6 bytes)
1734348042.470386 sending message 112 to peer 0x128008000 (6 bytes)
1734348042.470389 sending message 112 to peer 0x128008000 (11 bytes)
1734348042.470392 sending message 112 to peer 0x128008000 (10 bytes)
1734348042.470395 sending message 112 to peer 0x128008000 (13 bytes)
1734348042.470398 sending message 112 to peer 0x128008000 (13 bytes)
1734348042.470400 sending message 112 to peer 0x128008000 (18 bytes)
1734348042.470404 sending message 112 to peer 0x128008000 (11 bytes)
1734348042.470406 sending message 112 to peer 0x128008000 (10 bytes)
1734348042.470409 sending message 112 to peer 0x128008000 (15 bytes)
1734348042.470412 sending message 112 to peer 0x128008000 (21 bytes)
1734348042.470415 sending message 112 to peer 0x128008000 (13 bytes)
1734348042.470417 sending message 112 to peer 0x128008000 (7 bytes)
1734348042.470420 sending message 112 to peer 0x128008000 (13 bytes)
1734348042.470423 sending message 112 to peer 0x128008000 (7 bytes)
1734348042.470426 sending message 112 to peer 0x128008000 (13 bytes)
1734348042.470429 sending message 112 to peer 0x128008000 (9 bytes)
1734348042.470431 sending message 112 to peer 0x128008000 (21 bytes)
1734348042.470434 sending message 112 to peer 0x128008000 (13 bytes)
1734348042.470437 sending message 112 to peer 0x128008000 (8 bytes)
1734348042.470440 sending message 112 to peer 0x128008000 (12 bytes)
1734348042.470442 sending message 112 to peer 0x128008000 (13 bytes)
1734348042.470445 sending message 112 to peer 0x128008000 (9 bytes)
1734348042.470448 sending message 112 to peer 0x128008000 (9 bytes)
1734348042.470451 sending message 112 to peer 0x128008000 (12 bytes)
1734348042.470454 sending message 112 to peer 0x128008000 (8 bytes)
1734348042.470457 sending message 112 to peer 0x128008000 (8 bytes)
1734348042.470460 sending message 112 to peer 0x128008000 (7 bytes)
1734348042.470463 sending message 112 to peer 0x128008000 (7 bytes)
1734348042.470465 sending message 112 to peer 0x128008000 (9 bytes)
1734348042.470468 sending message 112 to peer 0x128008000 (13 bytes)
1734348042.470471 sending message 112 to peer 0x128008000 (6 bytes)
1734348042.470473 sending message 112 to peer 0x128008000 (9 bytes)
1734348042.470476 sending message 112 to peer 0x128008000 (15 bytes)
1734348042.470479 sending message 112 to peer 0x128008000 (13 bytes)
1734348042.470482 sending message 112 to peer 0x128008000 (12 bytes)
1734348042.470484 sending message 112 to peer 0x128008000 (8 bytes)
1734348042.470487 sending message 112 to peer 0x128008000 (14 bytes)
1734348042.470490 sending message 112 to peer 0x128008000 (11 bytes)
1734348042.470493 sending message 112 to peer 0x128008000 (9 bytes)
1734348042.470496 sending message 112 to peer 0x128008000 (10 bytes)
1734348042.470498 sending message 112 to peer 0x128008000 (10 bytes)
1734348042.470501 sending message 112 to peer 0x128008000 (10 bytes)
1734348042.470510 sending message 112 to peer 0x128008000 (10 bytes)
1734348042.470512 sending message 112 to peer 0x128008000 (11 bytes)
1734348042.470514 sending message 112 to peer 0x128008000 (12 bytes)
1734348042.470516 sending message 112 to peer 0x128008000 (12 bytes)
1734348042.470518 sending message 112 to peer 0x128008000 (12 bytes)
1734348042.470520 sending message 112 to peer 0x128008000 (12 bytes)
1734348042.470522 sending message 112 to peer 0x128008000 (12 bytes)
1734348042.470524 sending message 112 to peer 0x128008000 (11 bytes)
1734348042.470526 sending message 112 to peer 0x128008000 (11 bytes)
1734348042.470528 sending message 112 to peer 0x128008000 (12 bytes)
1734348042.470530 sending message 112 to peer 0x128008000 (12 bytes)
1734348042.470532 sending message 112 to peer 0x128008000 (12 bytes)
1734348042.470534 sending message 112 to peer 0x128008000 (12 bytes)
1734348042.470536 sending message 112 to peer 0x128008000 (12 bytes)
1734348042.470538 sending message 112 to peer 0x128008000 (10 bytes)
1734348042.470539 sending message 112 to peer 0x128008000 (12 bytes)
1734348042.470541 sending message 112 to peer 0x128008000 (13 bytes)
1734348042.470543 sending message 112 to peer 0x128008000 (13 bytes)
1734348042.470545 sending message 112 to peer 0x128008000 (13 bytes)
1734348042.470547 sending message 112 to peer 0x128008000 (13 bytes)
1734348042.470549 sending message 112 to peer 0x128008000 (13 bytes)
1734348042.470551 sending message 112 to peer 0x128008000 (8 bytes)
1734348042.470553 sending message 112 to peer 0x128008000 (11 bytes)
1734348042.470554 sending message 112 to peer 0x128008000 (11 bytes)
1734348042.470556 sending message 112 to peer 0x128008000 (11 bytes)
1734348042.470558 sending message 112 to peer 0x128008000 (12 bytes)
1734348042.470560 sending message 112 to peer 0x128008000 (12 bytes)
1734348042.470562 sending message 112 to peer 0x128008000 (12 bytes)
1734348042.470564 sending message 112 to peer 0x128008000 (12 bytes)
1734348042.470566 sending message 112 to peer 0x128008000 (13 bytes)
1734348042.470567 sending message 112 to peer 0x128008000 (13 bytes)
1734348042.470569 sending message 112 to peer 0x128008000 (13 bytes)
1734348042.470571 sending message 112 to peer 0x128008000 (8 bytes)
1734348042.470573 sending message 112 to peer 0x128008000 (13 bytes)
1734348042.470575 sending message 112 to peer 0x128008000 (13 bytes)
1734348042.470577 sending message 112 to peer 0x128008000 (13 bytes)
1734348042.470579 sending message 112 to peer 0x128008000 (13 bytes)
1734348042.470580 sending message 112 to peer 0x128008000 (13 bytes)
1734348042.470582 sending message 112 to peer 0x128008000 (12 bytes)
1734348042.470584 sending message 112 to peer 0x128008000 (12 bytes)
1734348042.470586 sending message 112 to peer 0x128008000 (12 bytes)
1734348042.470588 sending message 112 to peer 0x128008000 (12 bytes)
1734348042.470590 sending message 112 to peer 0x128008000 (13 bytes)
1734348042.470591 sending message 112 to peer 0x128008000 (8 bytes)
1734348042.470593 sending message 112 to peer 0x128008000 (13 bytes)
1734348042.470595 sending message 112 to peer 0x128008000 (13 bytes)
1734348042.470597 sending message 112 to peer 0x128008000 (13 bytes)
1734348042.470599 sending message 112 to peer 0x128008000 (13 bytes)
1734348042.470601 sending message 112 to peer 0x128008000 (13 bytes)
1734348042.470603 sending message 112 to peer 0x128008000 (13 bytes)
1734348042.470604 sending message 112 to peer 0x128008000 (13 bytes)
1734348042.470606 sending message 112 to peer 0x128008000 (12 bytes)
1734348042.470608 sending message 112 to peer 0x128008000 (12 bytes)
1734348042.470610 sending message 112 to peer 0x128008000 (12 bytes)
1734348042.470612 sending message 112 to peer 0x128008000 (8 bytes)
1734348042.470614 sending message 112 to peer 0x128008000 (12 bytes)
1734348042.470616 sending message 112 to peer 0x128008000 (13 bytes)
1734348042.470617 sending message 112 to peer 0x128008000 (13 bytes)
1734348042.470619 sending message 112 to peer 0x128008000 (13 bytes)
1734348042.470621 sending message 112 to peer 0x128008000 (13 bytes)
1734348042.470627 sending message 112 to peer 0x128008000 (13 bytes)
1734348042.470629 sending message 112 to peer 0x128008000 (13 bytes)
1734348042.470631 sending message 112 to peer 0x128008000 (13 bytes)
1734348042.470633 sending message 112 to peer 0x128008000 (13 bytes)
1734348042.470635 sending message 112 to peer 0x128008000 (12 bytes)
1734348042.470636 sending message 112 to peer 0x128008000 (10 bytes)
1734348042.470638 sending message 112 to peer 0x128008000 (12 bytes)
1734348042.470640 sending message 112 to peer 0x128008000 (12 bytes)
1734348042.470642 sending message 112 to peer 0x128008000 (12 bytes)
1734348042.470644 sending message 112 to peer 0x128008000 (13 bytes)
1734348042.470646 sending message 112 to peer 0x128008000 (13 bytes)
1734348042.470648 sending message 112 to peer 0x128008000 (13 bytes)
1734348042.470650 sending message 112 to peer 0x128008000 (13 bytes)
1734348042.470651 sending message 112 to peer 0x128008000 (13 bytes)
1734348042.470653 sending message 112 to peer 0x128008000 (13 bytes)
1734348042.470655 sending message 112 to peer 0x128008000 (13 bytes)
1734348042.470657 sending message 112 to peer 0x128008000 (10 bytes)
1734348042.470659 sending message 112 to peer 0x128008000 (13 bytes)
1734348042.470661 sending message 112 to peer 0x128008000 (12 bytes)
1734348042.470663 sending message 112 to peer 0x128008000 (12 bytes)
1734348042.470665 sending message 112 to peer 0x128008000 (12 bytes)
1734348042.470666 sending message 112 to peer 0x128008000 (10 bytes)
1734348042.470668 sending message 112 to peer 0x128008000 (10 bytes)
1734348042.470670 sending message 112 to peer 0x128008000 (10 bytes)
1734348042.470672 sending message 112 to peer 0x128008000 (12 bytes)
1734348042.470674 sending message 112 to peer 0x128008000 (13 bytes)
1734348042.470676 sending message 112 to peer 0x128008000 (13 bytes)
1734348042.470678 sending message 112 to peer 0x128008000 (13 bytes)
1734348042.470679 sending message 112 to peer 0x128008000 (13 bytes)
1734348042.470681 sending message 112 to peer 0x128008000 (13 bytes)
1734348042.470683 sending message 112 to peer 0x128008000 (11 bytes)
1734348042.470685 sending message 112 to peer 0x128008000 (11 bytes)
1734348042.470687 sending message 112 to peer 0x128008000 (12 bytes)
1734348042.470689 sending message 112 to peer 0x128008000 (12 bytes)
1734348042.470690 sending message 112 to peer 0x128008000 (12 bytes)
1734348042.470692 sending message 112 to peer 0x128008000 (12 bytes)
1734348042.470694 sending message 112 to peer 0x128008000 (12 bytes)
1734348042.470696 sending message 112 to peer 0x128008000 (11 bytes)
1734348042.470698 sending message 112 to peer 0x128008000 (12 bytes)
1734348042.470700 sending message 112 to peer 0x128008000 (12 bytes)
1734348042.470702 sending message 112 to peer 0x128008000 (13 bytes)
1734348042.470704 sending message 112 to peer 0x128008000 (13 bytes)
1734348042.470705 sending message 112 to peer 0x128008000 (13 bytes)
1734348042.470707 sending message 112 to peer 0x128008000 (13 bytes)
1734348042.470709 sending message 112 to peer 0x128008000 (13 bytes)
1734348042.470711 sending message 112 to peer 0x128008000 (10 bytes)
1734348042.470713 sending message 112 to peer 0x128008000 (9 bytes)
1734348042.470715 sending message 112 to peer 0x128008000 (12 bytes)
1734348042.470716 sending message 112 to peer 0x128008000 (13 bytes)
1734348042.470718 sending message 112 to peer 0x128008000 (13 bytes)
1734348042.470720 sending message 112 to peer 0x128008000 (13 bytes)
1734348042.470722 sending message 112 to peer 0x128008000 (13 bytes)
1734348042.470724 sending message 112 to peer 0x128008000 (13 bytes)
1734348042.470726 sending message 112 to peer 0x128008000 (9 bytes)
1734348042.470727 sending message 112 to peer 0x128008000 (12 bytes)
1734348042.470729 sending message 112 to peer 0x128008000 (13 bytes)
1734348042.470731 sending message 112 to peer 0x128008000 (13 bytes)
1734348042.470733 sending message 112 to peer 0x128008000 (13 bytes)
1734348042.470735 sending message 112 to peer 0x128008000 (13 bytes)
1734348042.470740 sending message 112 to peer 0x128008000 (13 bytes)
1734348042.470742 sending message 112 to peer 0x128008000 (11 bytes)
1734348042.470744 sending message 112 to peer 0x128008000 (12 bytes)
1734348042.470746 sending message 112 to peer 0x128008000 (13 bytes)
1734348042.470748 sending message 112 to peer 0x128008000 (13 bytes)
1734348042.470750 sending message 112 to peer 0x128008000 (13 bytes)
1734348042.470752 sending message 112 to peer 0x128008000 (13 bytes)
1734348042.470753 sending message 112 to peer 0x128008000 (13 bytes)
1734348042.470755 sending message 112 to peer 0x128008000 (11 bytes)
1734348042.470757 sending message 112 to peer 0x128008000 (12 bytes)
1734348042.470759 sending message 112 to peer 0x128008000 (12 bytes)
1734348042.470761 sending message 112 to peer 0x128008000 (12 bytes)
1734348042.470763 sending message 112 to peer 0x128008000 (12 bytes)
1734348042.470765 sending message 112 to peer 0x128008000 (12 bytes)
1734348042.470767 sending message 112 to peer 0x128008000 (21 bytes)
1734348042.470769 sending message 112 to peer 0x128008000 (12 bytes)
1734348042.470770 sending message 112 to peer 0x128008000 (9 bytes)
1734348042.470772 sending message 112 to peer 0x128008000 (6 bytes)
1734348042.470774 sending message 112 to peer 0x128008000 (13 bytes)
1734348042.470776 sending message 112 to peer 0x128008000 (8 bytes)
1734348042.470778 sending message 112 to peer 0x128008000 (15 bytes)
1734348042.470780 sending message 112 to peer 0x128008000 (13 bytes)
1734348042.470782 sending message 112 to peer 0x128008000 (9 bytes)
1734348042.470783 sending message 112 to peer 0x128008000 (70 bytes)
1734348042.470785 sending message 112 to peer 0x128008000 (69 bytes)
1734348042.470787 sending message 112 to peer 0x128008000 (10 bytes)
1734348042.470789 sending message 112 to peer 0x128008000 (10 bytes)
1734348042.470791 sending message 112 to peer 0x128008000 (8 bytes)
1734348042.470793 sending message 112 to peer 0x128008000 (15 bytes)
1734348042.470795 sending message 112 to peer 0x128008000 (13 bytes)
1734348042.470796 sending message 112 to peer 0x128008000 (10 bytes)
1734348042.470798 sending message 112 to peer 0x128008000 (10 bytes)
1734348042.470800 sending message 112 to peer 0x128008000 (17 bytes)
1734348042.470802 sending message 112 to peer 0x128008000 (10 bytes)
1734348042.470804 sending message 112 to peer 0x128008000 (13 bytes)
1734348042.470806 sending message 112 to peer 0x128008000 (9 bytes)
1734348042.470808 sending message 112 to peer 0x128008000 (5 bytes)
1734348042.470810 sending message 112 to peer 0x128008000 (15 bytes)
1734348042.470812 sending message 104 to peer 0x128008000 (0 bytes)
1734348042.470815 sending message 110 to peer 0x128008000 (0 bytes)
1734348042.470817 sending message 107 to peer 0x128008000 (4 bytes)
1734348042.470819 sending message 105 to peer 0x128008000 (47 bytes)
1734348042.470821 sending message 105 to peer 0x128008000 (127 bytes)
1734348042.470822 sending message 105 to peer 0x128008000 (31 bytes)
1734348042.470824 sending message 105 to peer 0x128008000 (20 bytes)
1734348042.470826 sending message 105 to peer 0x128008000 (22 bytes)
1734348042.470828 sending message 105 to peer 0x128008000 (44 bytes)
1734348042.470830 sending message 105 to peer 0x128008000 (86 bytes)
1734348042.470832 sending message 105 to peer 0x128008000 (19 bytes)
1734348042.470834 sending message 105 to peer 0x128008000 (37 bytes)
1734348042.470836 sending message 105 to peer 0x128008000 (30 bytes)
1734348042.470838 sending message 105 to peer 0x128008000 (34 bytes)
1734348042.470839 sending message 105 to peer 0x128008000 (60 bytes)
1734348042.470841 sending message 105 to peer 0x128008000 (50 bytes)
1734348042.470843 sending message 105 to peer 0x128008000 (70 bytes)
1734348042.470845 sending message 105 to peer 0x128008000 (17 bytes)
1734348042.470847 sending message 105 to peer 0x128008000 (8 bytes)
1734348042.470849 sending message 105 to peer 0x128008000 (15 bytes)
1734348042.470851 sending message 105 to peer 0x128008000 (32 bytes)
1734348042.470861 sending message 105 to peer 0x128008000 (96 bytes)
1734348042.470863 sending message 105 to peer 0x128008000 (54 bytes)
1734348042.470865 sending message 105 to peer 0x128008000 (50 bytes)
1734348042.470866 sending message 105 to peer 0x128008000 (27 bytes)
1734348042.470868 sending message 105 to peer 0x128008000 (42 bytes)
1734348042.470870 sending message 105 to peer 0x128008000 (12 bytes)
1734348042.470872 sending message 105 to peer 0x128008000 (11 bytes)
1734348042.470874 sending message 105 to peer 0x128008000 (1245 bytes)
1734348042.470876 sending message 105 to peer 0x128008000 (41 bytes)
1734348042.470878 sending message 105 to peer 0x128008000 (24 bytes)
1734348042.470880 sending message 105 to peer 0x128008000 (24 bytes)
1734348042.470882 sending message 105 to peer 0x128008000 (15 bytes)
1734348042.470884 sending message 105 to peer 0x128008000 (8 bytes)
1734348042.470886 sending message 105 to peer 0x128008000 (66 bytes)
1734348042.470887 sending message 105 to peer 0x128008000 (19 bytes)
1734348042.470889 sending message 105 to peer 0x128008000 (18 bytes)
1734348042.470891 sending message 105 to peer 0x128008000 (25 bytes)
1734348042.470893 sending message 105 to peer 0x128008000 (57 bytes)
1734348042.470897 sending message 105 to peer 0x128008000 (43 bytes)
1734348042.470899 sending message 105 to peer 0x128008000 (13 bytes)
1734348042.470901 sending message 105 to peer 0x128008000 (61 bytes)
1734348042.470903 sending message 105 to peer 0x128008000 (12 bytes)
1734348042.470905 sending message 105 to peer 0x128008000 (33 bytes)
1734348042.470906 sending message 105 to peer 0x128008000 (47 bytes)
1734348042.470908 sending message 105 to peer 0x128008000 (72 bytes)
1734348042.470910 sending message 105 to peer 0x128008000 (64 bytes)
1734348042.470912 sending message 105 to peer 0x128008000 (15 bytes)
1734348042.470914 sending message 105 to peer 0x128008000 (70 bytes)
1734348042.470916 sending message 105 to peer 0x128008000 (14 bytes)
1734348042.470917 sending message 105 to peer 0x128008000 (19 bytes)
1734348042.470919 sending message 105 to peer 0x128008000 (29 bytes)
1734348042.470921 sending message 105 to peer 0x128008000 (26 bytes)
1734348042.470923 sending message 105 to peer 0x128008000 (22 bytes)
1734348042.470925 sending message 105 to peer 0x128008000 (44 bytes)
1734348042.470927 sending message 105 to peer 0x128008000 (38 bytes)
1734348042.470929 sending message 105 to peer 0x128008000 (20 bytes)
1734348042.470930 sending message 105 to peer 0x128008000 (14 bytes)
1734348042.470932 sending message 105 to peer 0x128008000 (36 bytes)
1734348042.470934 sending message 105 to peer 0x128008000 (15 bytes)
1734348042.470936 sending message 105 to peer 0x128008000 (27 bytes)
1734348042.470938 sending message 105 to peer 0x128008000 (18 bytes)
1734348042.470940 sending message 105 to peer 0x128008000 (14 bytes)
1734348042.470941 sending message 105 to peer 0x128008000 (18 bytes)
1734348042.470943 sending message 105 to peer 0x128008000 (20 bytes)
1734348042.470945 sending message 105 to peer 0x128008000 (28 bytes)
1734348042.470947 sending message 105 to peer 0x128008000 (25 bytes)
1734348042.470949 sending message 105 to peer 0x128008000 (23 bytes)
1734348042.470951 sending message 105 to peer 0x128008000 (11 bytes)
1734348042.470953 sending message 105 to peer 0x128008000 (16 bytes)
1734348042.470954 sending message 105 to peer 0x128008000 (15 bytes)
1734348042.470956 sending message 105 to peer 0x128008000 (15 bytes)
1734348042.470958 sending message 105 to peer 0x128008000 (15 bytes)
1734348042.470960 sending message 105 to peer 0x128008000 (23 bytes)
1734348042.470962 sending message 105 to peer 0x128008000 (15 bytes)
1734348042.470964 sending message 105 to peer 0x128008000 (17 bytes)
1734348042.470965 sending message 105 to peer 0x128008000 (9 bytes)
1734348042.470967 sending message 105 to peer 0x128008000 (17 bytes)
1734348042.470969 sending message 105 to peer 0x128008000 (14 bytes)
1734348042.470971 sending message 105 to peer 0x128008000 (29 bytes)
1734348042.470973 sending message 105 to peer 0x128008000 (10 bytes)
1734348042.470978 sending message 105 to peer 0x128008000 (10 bytes)
1734348042.470979 sending message 105 to peer 0x128008000 (25 bytes)
1734348042.470981 sending message 106 to peer 0x128008000 (0 bytes)
1734348042.471037 sending message 200 to peer 0x128008000 (4 bytes)
1734348042.471051 client loop enter
1734348042.471157 peer 0x128008000 message 303
1734348042.471165 open write file 2 -
1734348042.471172 sending message 305 to peer 0x128008000 (8 bytes)
1734348042.471180 write check file 2
1734348042.471195 peer 0x128008000 message 304
1734348042.471198 write 58 to file 2
1734348042.471200 peer 0x128008000 message 203
1734348042.471203 file 2 58 bytes left
1734348042.471210 write check file 2
1734348042.471212 client loop exit
